#-----------------------------------------------------------
# Vivado v2024.1 (64-bit)
# SW Build 5076996 on Wed May 22 18:37:14 MDT 2024
# IP Build 5075265 on Wed May 22 21:45:21 MDT 2024
# SharedData Build 5076995 on Wed May 22 18:29:18 MDT 2024
# Start of session at: Fri Feb 28 02:04:51 2025
# Process ID: 24400
# Current directory: C:/Users/DAT/Documents/Car_Parking_System_in_verilog/Car_Parking_System
# Command line: vivado.exe -gui_launcher_event rodinguilauncherevent37748 C:\Users\DAT\Documents\Car_Parking_System_in_verilog\Car_Parking_System\Car_Parking_System.xpr
# Log file: C:/Users/DAT/Documents/Car_Parking_System_in_verilog/Car_Parking_System/vivado.log
# Journal file: C:/Users/DAT/Documents/Car_Parking_System_in_verilog/Car_Parking_System\vivado.jou
# Running On        :DESKTOP-HM2P47S
# Platform          :Windows Server 2016 or Windows 10
# Operating System  :26100
# Processor Detail  :AMD Ryzen 7 8845H w/ Radeon 780M Graphics
# CPU Frequency     :3793 MHz
# CPU Physical cores:8
# CPU Logical cores :16
# Host memory       :29860 MB
# Swap memory       :8713 MB
# Total Virtual     :38574 MB
# Available Virtual :7155 MB
#-----------------------------------------------------------
start_gui
open_project C:/Users/DAT/Documents/Car_Parking_System_in_verilog/Car_Parking_System/Car_Parking_System.xpr
WARNING: [Board 49-26] cannot add Board Part xilinx.com:kc705:part0:1.6 available at D:/vivado/Vivado/2024.1/data/xhub/boards/XilinxBoardStore/boards/Xilinx/kc705/1.6/board.xml as part xc7k325tffg900-2 specified in board_part file is either invalid or not available
WARNING: [Board 49-26] cannot add Board Part xilinx.com:kcu105:part0:1.6 available at D:/vivado/Vivado/2024.1/data/xhub/boards/XilinxBoardStore/boards/Xilinx/kcu105/1.6/board.xml as part xcku040-ffva1156-2-e specified in board_part file is either invalid or not available
WARNING: [Board 49-26] cannot add Board Part xilinx.com:kcu105:part0:1.7 available at D:/vivado/Vivado/2024.1/data/xhub/boards/XilinxBoardStore/boards/Xilinx/kcu105/1.7/board.xml as part xcku040-ffva1156-2-e specified in board_part file is either invalid or not available
WARNING: [Board 49-26] cannot add Board Part xilinx.com:kcu1500:part0:1.2 available at D:/vivado/Vivado/2024.1/data/xhub/boards/XilinxBoardStore/boards/Xilinx/kcu1500/1.2/board.xml as part xcku115-flvb2104-2-e specified in board_part file is either invalid or not available
WARNING: [Board 49-26] cannot add Board Part xilinx.com:vc707:part0:1.4 available at D:/vivado/Vivado/2024.1/data/xhub/boards/XilinxBoardStore/boards/Xilinx/vc707/1.4/board.xml as part xc7vx485tffg1761-2 specified in board_part file is either invalid or not available
WARNING: [Board 49-26] cannot add Board Part xilinx.com:vc709:part0:1.8 available at D:/vivado/Vivado/2024.1/data/xhub/boards/XilinxBoardStore/boards/Xilinx/vc709/1.8/board.xml as part xc7vx690tffg1761-2 specified in board_part file is either invalid or not available
WARNING: [Board 49-26] cannot add Board Part xilinx.com:vck190:part0:2.2 available at D:/vivado/Vivado/2024.1/data/xhub/boards/XilinxBoardStore/boards/Xilinx/vck190/production/2.2/board.xml as part xcvc1902-vsva2197-2mp-e-s specified in board_part file is either invalid or not available
WARNING: [Board 49-26] cannot add Board Part xilinx.com:vck190:part0:3.0 available at D:/vivado/Vivado/2024.1/data/xhub/boards/XilinxBoardStore/boards/Xilinx/vck190/production/3.0/board.xml as part xcvc1902-vsva2197-2mp-e-s specified in board_part file is either invalid or not available
WARNING: [Board 49-26] cannot add Board Part xilinx.com:vck190:part0:3.1 available at D:/vivado/Vivado/2024.1/data/xhub/boards/XilinxBoardStore/boards/Xilinx/vck190/production/3.1/board.xml as part xcvc1902-vsva2197-2mp-e-s specified in board_part file is either invalid or not available
WARNING: [Board 49-26] cannot add Board Part xilinx.com:vck190:part0:3.2 available at D:/vivado/Vivado/2024.1/data/xhub/boards/XilinxBoardStore/boards/Xilinx/vck190/production/3.2/board.xml as part xcvc1902-vsva2197-2mp-e-s specified in board_part file is either invalid or not available
WARNING: [Board 49-26] cannot add Board Part xilinx.com:vck190:part0:3.3 available at D:/vivado/Vivado/2024.1/data/xhub/boards/XilinxBoardStore/boards/Xilinx/vck190/production/3.3/board.xml as part xcvc1902-vsva2197-2mp-e-s specified in board_part file is either invalid or not available
WARNING: [Board 49-26] cannot add Board Part xilinx.com:vck190_newl:part0:1.0 available at D:/vivado/Vivado/2024.1/data/xhub/boards/XilinxBoardStore/boards/Xilinx/vck190_newl/production/1.0/board.xml as part xcvc1902-vsva2197-2mp-e-s specified in board_part file is either invalid or not available
WARNING: [Board 49-26] cannot add Board Part xilinx.com:vck190_newl:part0:1.1 available at D:/vivado/Vivado/2024.1/data/xhub/boards/XilinxBoardStore/boards/Xilinx/vck190_newl/production/1.1/board.xml as part xcvc1902-vsva2197-2mp-e-s specified in board_part file is either invalid or not available
WARNING: [Board 49-26] cannot add Board Part xilinx.com:vck190_newl:part0:1.2 available at D:/vivado/Vivado/2024.1/data/xhub/boards/XilinxBoardStore/boards/Xilinx/vck190_newl/production/1.2/board.xml as part xcvc1902-vsva2197-2mp-e-s specified in board_part file is either invalid or not available
WARNING: [Board 49-26] cannot add Board Part xilinx.com:vcu108:part0:1.6 available at D:/vivado/Vivado/2024.1/data/xhub/boards/XilinxBoardStore/boards/Xilinx/vcu108/1.6/board.xml as part xcvu095-ffva2104-2-e specified in board_part file is either invalid or not available
WARNING: [Board 49-26] cannot add Board Part xilinx.com:vcu108:part0:1.7 available at D:/vivado/Vivado/2024.1/data/xhub/boards/XilinxBoardStore/boards/Xilinx/vcu108/1.7/board.xml as part xcvu095-ffva2104-2-e specified in board_part file is either invalid or not available
WARNING: [Board 49-26] cannot add Board Part xilinx.com:vcu110:part0:1.4 available at D:/vivado/Vivado/2024.1/data/xhub/boards/XilinxBoardStore/boards/Xilinx/vcu110/1.4/board.xml as part xcvu190-flgc2104-2-e specified in board_part file is either invalid or not available
WARNING: [Board 49-26] cannot add Board Part xilinx.com:vcu118:part0:2.0 available at D:/vivado/Vivado/2024.1/data/xhub/boards/XilinxBoardStore/boards/Xilinx/vcu118/2.0/board.xml as part xcvu9p-flga2104-2l-e specified in board_part file is either invalid or not available
WARNING: [Board 49-26] cannot add Board Part xilinx.com:vcu118:part0:2.3 available at D:/vivado/Vivado/2024.1/data/xhub/boards/XilinxBoardStore/boards/Xilinx/vcu118/2.3/board.xml as part xcvu9p-flga2104-2l-e specified in board_part file is either invalid or not available
WARNING: [Board 49-26] cannot add Board Part xilinx.com:vcu118:part0:2.4 available at D:/vivado/Vivado/2024.1/data/xhub/boards/XilinxBoardStore/boards/Xilinx/vcu118/2.4/board.xml as part xcvu9p-flga2104-2l-e specified in board_part file is either invalid or not available
WARNING: [Board 49-26] cannot add Board Part xilinx.com:vcu129:part0:1.0 available at D:/vivado/Vivado/2024.1/data/xhub/boards/XilinxBoardStore/boards/Xilinx/vcu129/production/1.0/board.xml as part xcvu29p-fsga2577-2l-e specified in board_part file is either invalid or not available
WARNING: [Board 49-26] cannot add Board Part xilinx.com:vcu1525:part0:1.3 available at D:/vivado/Vivado/2024.1/data/xhub/boards/XilinxBoardStore/boards/Xilinx/vcu1525/1.3/board.xml as part xcvu9p-fsgd2104-2l-e specified in board_part file is either invalid or not available
WARNING: [Board 49-26] cannot add Board Part xilinx.com:vek280:part0:1.0 available at D:/vivado/Vivado/2024.1/data/xhub/boards/XilinxBoardStore/boards/Xilinx/vek280/production/1.0/board.xml as part xcve2802-vsvh1760-2mp-e-s specified in board_part file is either invalid or not available
WARNING: [Board 49-26] cannot add Board Part xilinx.com:vek280:part0:1.1 available at D:/vivado/Vivado/2024.1/data/xhub/boards/XilinxBoardStore/boards/Xilinx/vek280/production/1.1/board.xml as part xcve2802-vsvh1760-2mp-e-s specified in board_part file is either invalid or not available
WARNING: [Board 49-26] cannot add Board Part xilinx.com:vek280:part0:1.2 available at D:/vivado/Vivado/2024.1/data/xhub/boards/XilinxBoardStore/boards/Xilinx/vek280/production/1.2/board.xml as part xcve2802-vsvh1760-2mp-e-s specified in board_part file is either invalid or not available
WARNING: [Board 49-26] cannot add Board Part xilinx.com:vek280_es:part0:1.0 available at D:/vivado/Vivado/2024.1/data/xhub/boards/XilinxBoardStore/boards/Xilinx/vek280/es/rev_a/1.0/board.xml as part xcve2802-vsvh1760-2lp-e-s-es1 specified in board_part file is either invalid or not available
WARNING: [Board 49-26] cannot add Board Part xilinx.com:vek280_es:part0:1.1 available at D:/vivado/Vivado/2024.1/data/xhub/boards/XilinxBoardStore/boards/Xilinx/vek280/es/rev_a/1.1/board.xml as part xcve2802-vsvh1760-2lp-e-s-es1 specified in board_part file is either invalid or not available
WARNING: [Board 49-26] cannot add Board Part xilinx.com:vek280_es_revb:part0:1.0 available at D:/vivado/Vivado/2024.1/data/xhub/boards/XilinxBoardStore/boards/Xilinx/vek280/es/rev_b/1.0/board.xml as part xcve2802-vsvh1760-2mp-e-s-es1 specified in board_part file is either invalid or not available
WARNING: [Board 49-26] cannot add Board Part xilinx.com:vek280_es_revb:part0:1.1 available at D:/vivado/Vivado/2024.1/data/xhub/boards/XilinxBoardStore/boards/Xilinx/vek280/es/rev_b/1.1/board.xml as part xcve2802-vsvh1760-2mp-e-s-es1 specified in board_part file is either invalid or not available
WARNING: [Board 49-26] cannot add Board Part xilinx.com:vermeo_t1_mpsoc:part0:1.0 available at D:/vivado/Vivado/2024.1/data/xhub/boards/XilinxBoardStore/boards/Xilinx/vermeo_t1_mpsoc/1.0/board.xml as part xczu19eg-ffvd1760-2l-e specified in board_part file is either invalid or not available
WARNING: [Board 49-26] cannot add Board Part xilinx.com:vermeo_t1_rfsoc:part0:1.0 available at D:/vivado/Vivado/2024.1/data/xhub/boards/XilinxBoardStore/boards/Xilinx/vermeo_t1_rfsoc/1.0/board.xml as part xczu21dr-ffvd1156-2l-e specified in board_part file is either invalid or not available
WARNING: [Board 49-26] cannot add Board Part xilinx.com:vhk158:part0:1.0 available at D:/vivado/Vivado/2024.1/data/xhub/boards/XilinxBoardStore/boards/Xilinx/vhk158/production/1.0/board.xml as part xcvh1582-vsva3697-2mp-e-s specified in board_part file is either invalid or not available
WARNING: [Board 49-26] cannot add Board Part xilinx.com:vhk158:part0:1.1 available at D:/vivado/Vivado/2024.1/data/xhub/boards/XilinxBoardStore/boards/Xilinx/vhk158/production/1.1/board.xml as part xcvh1582-vsva3697-2mp-e-s specified in board_part file is either invalid or not available
WARNING: [Board 49-26] cannot add Board Part xilinx.com:vhk158_es:part0:1.0 available at D:/vivado/Vivado/2024.1/data/xhub/boards/XilinxBoardStore/boards/Xilinx/vhk158/es/1.0/board.xml as part xcvh1582-vsva3697-2mp-e-s-es1 specified in board_part file is either invalid or not available
WARNING: [Board 49-26] cannot add Board Part xilinx.com:vhk158_es:part0:1.1 available at D:/vivado/Vivado/2024.1/data/xhub/boards/XilinxBoardStore/boards/Xilinx/vhk158/es/1.1/board.xml as part xcvh1582-vsva3697-2mp-e-s-es1 specified in board_part file is either invalid or not available
WARNING: [Board 49-26] cannot add Board Part xilinx.com:vmk180:part0:2.2 available at D:/vivado/Vivado/2024.1/data/xhub/boards/XilinxBoardStore/boards/Xilinx/vmk180/production/2.2/board.xml as part xcvm1802-vsva2197-2mp-e-s specified in board_part file is either invalid or not available
WARNING: [Board 49-26] cannot add Board Part xilinx.com:vmk180:part0:3.0 available at D:/vivado/Vivado/2024.1/data/xhub/boards/XilinxBoardStore/boards/Xilinx/vmk180/production/3.0/board.xml as part xcvm1802-vsva2197-2mp-e-s specified in board_part file is either invalid or not available
WARNING: [Board 49-26] cannot add Board Part xilinx.com:vmk180:part0:3.1 available at D:/vivado/Vivado/2024.1/data/xhub/boards/XilinxBoardStore/boards/Xilinx/vmk180/production/3.1/board.xml as part xcvm1802-vsva2197-2mp-e-s specified in board_part file is either invalid or not available
WARNING: [Board 49-26] cannot add Board Part xilinx.com:vmk180:part0:3.2 available at D:/vivado/Vivado/2024.1/data/xhub/boards/XilinxBoardStore/boards/Xilinx/vmk180/production/3.2/board.xml as part xcvm1802-vsva2197-2mp-e-s specified in board_part file is either invalid or not available
WARNING: [Board 49-26] cannot add Board Part xilinx.com:vmk180_newl:part0:1.0 available at D:/vivado/Vivado/2024.1/data/xhub/boards/XilinxBoardStore/boards/Xilinx/vmk180_newl/production/1.0/board.xml as part xcvm1802-vsva2197-2mp-e-s specified in board_part file is either invalid or not available
WARNING: [Board 49-26] cannot add Board Part xilinx.com:vmk180_newl:part0:1.1 available at D:/vivado/Vivado/2024.1/data/xhub/boards/XilinxBoardStore/boards/Xilinx/vmk180_newl/production/1.1/board.xml as part xcvm1802-vsva2197-2mp-e-s specified in board_part file is either invalid or not available
WARNING: [Board 49-26] cannot add Board Part xilinx.com:vpk120:part0:1.0 available at D:/vivado/Vivado/2024.1/data/xhub/boards/XilinxBoardStore/boards/Xilinx/vpk120/production/1.0/board.xml as part xcvp1202-vsva2785-2mp-e-s specified in board_part file is either invalid or not available
WARNING: [Board 49-26] cannot add Board Part xilinx.com:vpk120:part0:1.1 available at D:/vivado/Vivado/2024.1/data/xhub/boards/XilinxBoardStore/boards/Xilinx/vpk120/production/1.1/board.xml as part xcvp1202-vsva2785-2mp-e-s specified in board_part file is either invalid or not available
WARNING: [Board 49-26] cannot add Board Part xilinx.com:vpk120:part0:1.2 available at D:/vivado/Vivado/2024.1/data/xhub/boards/XilinxBoardStore/boards/Xilinx/vpk120/production/1.2/board.xml as part xcvp1202-vsva2785-2mp-e-s specified in board_part file is either invalid or not available
WARNING: [Board 49-26] cannot add Board Part xilinx.com:vpk180:part0:1.0 available at D:/vivado/Vivado/2024.1/data/xhub/boards/XilinxBoardStore/boards/Xilinx/vpk180/production/1.0/board.xml as part xcvp1802-lsvc4072-2mp-e-s specified in board_part file is either invalid or not available
WARNING: [Board 49-26] cannot add Board Part xilinx.com:vpk180:part0:1.1 available at D:/vivado/Vivado/2024.1/data/xhub/boards/XilinxBoardStore/boards/Xilinx/vpk180/production/1.1/board.xml as part xcvp1802-lsvc4072-2mp-e-s specified in board_part file is either invalid or not available
WARNING: [Board 49-26] cannot add Board Part xilinx.com:vpk180:part0:1.2 available at D:/vivado/Vivado/2024.1/data/xhub/boards/XilinxBoardStore/boards/Xilinx/vpk180/production/1.2/board.xml as part xcvp1802-lsvc4072-2mp-e-s specified in board_part file is either invalid or not available
WARNING: [Board 49-26] cannot add Board Part xilinx.com:zc706:part0:1.4 available at D:/vivado/Vivado/2024.1/data/xhub/boards/XilinxBoardStore/boards/Xilinx/zc706/1.4/board.xml as part xc7z045ffg900-2 specified in board_part file is either invalid or not available
WARNING: [Board 49-26] cannot add Board Part xilinx.com:zcu102:part0:3.3 available at D:/vivado/Vivado/2024.1/data/xhub/boards/XilinxBoardStore/boards/Xilinx/zcu102/3.3/board.xml as part xczu9eg-ffvb1156-2-e specified in board_part file is either invalid or not available
WARNING: [Board 49-26] cannot add Board Part xilinx.com:zcu102:part0:3.4 available at D:/vivado/Vivado/2024.1/data/xhub/boards/XilinxBoardStore/boards/Xilinx/zcu102/3.4/board.xml as part xczu9eg-ffvb1156-2-e specified in board_part file is either invalid or not available
WARNING: [Board 49-26] cannot add Board Part xilinx.com:zcu111:part0:1.2 available at D:/vivado/Vivado/2024.1/data/xhub/boards/XilinxBoardStore/boards/Xilinx/zcu111/1.2/board.xml as part xczu28dr-ffvg1517-2-e specified in board_part file is either invalid or not available
WARNING: [Board 49-26] cannot add Board Part xilinx.com:zcu111:part0:1.3 available at D:/vivado/Vivado/2024.1/data/xhub/boards/XilinxBoardStore/boards/Xilinx/zcu111/1.3/board.xml as part xczu28dr-ffvg1517-2-e specified in board_part file is either invalid or not available
WARNING: [Board 49-26] cannot add Board Part xilinx.com:zcu111:part0:1.4 available at D:/vivado/Vivado/2024.1/data/xhub/boards/XilinxBoardStore/boards/Xilinx/zcu111/1.4/board.xml as part xczu28dr-ffvg1517-2-e specified in board_part file is either invalid or not available
WARNING: [Board 49-26] cannot add Board Part xilinx.com:zcu1275:part0:1.0 available at D:/vivado/Vivado/2024.1/data/xhub/boards/XilinxBoardStore/boards/Xilinx/zcu1275/1.0/board.xml as part xczu29dr-ffvf1760-2-e specified in board_part file is either invalid or not available
WARNING: [Board 49-26] cannot add Board Part xilinx.com:zcu1285:part0:1.0 available at D:/vivado/Vivado/2024.1/data/xhub/boards/XilinxBoardStore/boards/Xilinx/zcu1285/1.0/board.xml as part xczu39dr-ffvf1760-2-i specified in board_part file is either invalid or not available
WARNING: [Board 49-26] cannot add Board Part xilinx.com:zcu208:part0:2.0 available at D:/vivado/Vivado/2024.1/data/xhub/boards/XilinxBoardStore/boards/Xilinx/zcu208/production/2.0/board.xml as part xczu48dr-fsvg1517-2-e specified in board_part file is either invalid or not available
WARNING: [Board 49-26] cannot add Board Part xilinx.com:zcu208ld:part0:2.0 available at D:/vivado/Vivado/2024.1/data/xhub/boards/XilinxBoardStore/boards/Xilinx/zcu208ld/production/2.0/board.xml as part xczu58dr-fsvg1517-2-i specified in board_part file is either invalid or not available
WARNING: [Board 49-26] cannot add Board Part xilinx.com:zcu216:part0:2.0 available at D:/vivado/Vivado/2024.1/data/xhub/boards/XilinxBoardStore/boards/Xilinx/zcu216/production/2.0/board.xml as part xczu49dr-ffvf1760-2-e specified in board_part file is either invalid or not available
WARNING: [Board 49-26] cannot add Board Part xilinx.com:zcu216ld:part0:2.0 available at D:/vivado/Vivado/2024.1/data/xhub/boards/XilinxBoardStore/boards/Xilinx/zcu216ld/production/2.0/board.xml as part xczu59dr-ffvf1760-2-i specified in board_part file is either invalid or not available
WARNING: [Board 49-26] cannot add Board Part xilinx.com:zcu670:part0:2.0 available at D:/vivado/Vivado/2024.1/data/xhub/boards/XilinxBoardStore/boards/Xilinx/zcu670/2.0/board.xml as part xczu67dr-fsve1156-2-i specified in board_part file is either invalid or not available
WARNING: [Board 49-26] cannot add Board Part xilinx.com:zcu670ld:part0:1.0 available at D:/vivado/Vivado/2024.1/data/xhub/boards/XilinxBoardStore/boards/Xilinx/zcu670ld/1.0/board.xml as part xczu57dr-fsve1156-2-i specified in board_part file is either invalid or not available
INFO: [filemgmt 56-3] Default IP Output Path : Could not find the directory 'C:/Users/DAT/Documents/Car_Parking_System_in_verilog/Car_Parking_System/Car_Parking_System.gen/sources_1'.
Scanning sources...
Finished scanning sources
INFO: [IP_Flow 19-234] Refreshing IP repositories
INFO: [IP_Flow 19-1704] No user IP repositories specified
INFO: [IP_Flow 19-2313] Loaded Vivado IP repository 'D:/vivado/Vivado/2024.1/data/ip'.
open_project: Time (s): cpu = 00:00:16 ; elapsed = 00:00:08 . Memory (MB): peak = 1573.887 ; gain = 434.695
update_compile_order -fileset sources_1
launch_simulation
Command: launch_simulation 
INFO: [Vivado 12-12493] Simulation top is 'tb_system'
WARNING: [Vivado 12-13340] Unable to auto find GCC executables from simulator install path! (path not set)
INFO: [Vivado 12-5682] Launching behavioral simulation in 'C:/Users/DAT/Documents/Car_Parking_System_in_verilog/Car_Parking_System/Car_Parking_System.sim/sim_1/behav/xsim'
INFO: [SIM-utils-51] Simulation object is 'sim_1'
INFO: [SIM-utils-72] Using boost library from 'D:/vivado/Vivado/2024.1/tps/boost_1_72_0'
INFO: [SIM-utils-54] Inspecting design source files for 'tb_system' in fileset 'sim_1'...
INFO: [USF-XSim-97] Finding global include files...
INFO: [USF-XSim-98] Fetching design files from 'sim_1'...
INFO: [USF-XSim-2] XSim::Compile design
INFO: [USF-XSim-61] Executing 'COMPILE and ANALYZE' step in 'C:/Users/DAT/Documents/Car_Parking_System_in_verilog/Car_Parking_System/Car_Parking_System.sim/sim_1/behav/xsim'
"xvlog --incr --relax -prj tb_system_vlog.prj"
INFO: [VRFC 10-2263] Analyzing Verilog file "C:/Users/DAT/Documents/Car_Parking_System_in_verilog/Car_Parking_System/Car_Parking_System.srcs/sources_1/new/system.v" into library xil_defaultlib
INFO: [VRFC 10-311] analyzing module system
INFO: [VRFC 10-2263] Analyzing Verilog file "C:/Users/DAT/Documents/Car_Parking_System_in_verilog/Car_Parking_System/Car_Parking_System.srcs/sim_1/new/tb_system.v" into library xil_defaultlib
INFO: [VRFC 10-311] analyzing module tb_system
INFO: [USF-XSim-69] 'compile' step finished in '2' seconds
INFO: [USF-XSim-3] XSim::Elaborate design
INFO: [USF-XSim-61] Executing 'ELABORATE' step in 'C:/Users/DAT/Documents/Car_Parking_System_in_verilog/Car_Parking_System/Car_Parking_System.sim/sim_1/behav/xsim'
"xelab --incr --debug typical --relax --mt 2 -L xil_defaultlib -L unisims_ver -L unimacro_ver -L secureip --snapshot tb_system_behav xil_defaultlib.tb_system xil_defaultlib.glbl -log elaborate.log"
Vivado Simulator v2024.1
Copyright 1986-2022 Xilinx, Inc. All Rights Reserved.
Copyright 2022-2024 Advanced Micro Devices, Inc. All Rights Reserved.
Running: D:/vivado/Vivado/2024.1/bin/unwrapped/win64.o/xelab.exe --incr --debug typical --relax --mt 2 -L xil_defaultlib -L unisims_ver -L unimacro_ver -L secureip --snapshot tb_system_behav xil_defaultlib.tb_system xil_defaultlib.glbl -log elaborate.log 
Using 2 slave threads.
Starting static elaboration
Pass Through NonSizing Optimizer
Completed static elaboration
Starting simulation data flow analysis
Completed simulation data flow analysis
Time Resolution for simulation is 1ps
Compiling module xil_defaultlib.system
Compiling module xil_defaultlib.tb_system
Compiling module xil_defaultlib.glbl
Built simulation snapshot tb_system_behav
INFO: [USF-XSim-69] 'elaborate' step finished in '1' seconds
INFO: [USF-XSim-4] XSim::Simulate design
INFO: [USF-XSim-61] Executing 'SIMULATE' step in 'C:/Users/DAT/Documents/Car_Parking_System_in_verilog/Car_Parking_System/Car_Parking_System.sim/sim_1/behav/xsim'
INFO: [USF-XSim-98] *** Running xsim
   with args "tb_system_behav -key {Behavioral:sim_1:Functional:tb_system} -tclbatch {tb_system.tcl} -log {simulate.log}"
INFO: [USF-XSim-8] Loading simulator feature
Time resolution is 1 ps
source tb_system.tcl
# set curr_wave [current_wave_config]
# if { [string length $curr_wave] == 0 } {
#   if { [llength [get_objects]] > 0} {
#     add_wave /
#     set_property needs_save false [current_wave_config]
#   } else {
#      send_msg_id Add_Wave-1 WARNING "No top level signals found. Simulator will start without a wave window. If you want to open a wave window go to 'File->New Waveform Configuration' or type 'create_wave_config' in the TCL console."
#   }
# }
# run 1000ns
Time = 0 | State = 000 | PWD_1 = 00 | PWD_2 = 00 | Front_Sensor = 0 | Back_Sensor = 0 | GREEN_LED = x | RED_LED = x
Time = 10000 | State = 000 | PWD_1 = 00 | PWD_2 = 00 | Front_Sensor = 0 | Back_Sensor = 0 | GREEN_LED = 0 | RED_LED = 0
Time = 120000 | State = 000 | PWD_1 = 00 | PWD_2 = 00 | Front_Sensor = 1 | Back_Sensor = 0 | GREEN_LED = 0 | RED_LED = 0
Time = 130000 | State = 001 | PWD_1 = 00 | PWD_2 = 00 | Front_Sensor = 1 | Back_Sensor = 0 | GREEN_LED = 0 | RED_LED = 1
Time = 210000 | State = 010 | PWD_1 = 00 | PWD_2 = 00 | Front_Sensor = 1 | Back_Sensor = 0 | GREEN_LED = 0 | RED_LED = 0
Time = 230000 | State = 010 | PWD_1 = 00 | PWD_2 = 00 | Front_Sensor = 1 | Back_Sensor = 0 | GREEN_LED = 0 | RED_LED = 1
Time = 250000 | State = 010 | PWD_1 = 00 | PWD_2 = 00 | Front_Sensor = 1 | Back_Sensor = 0 | GREEN_LED = 0 | RED_LED = 0
Time = 270000 | State = 010 | PWD_1 = 00 | PWD_2 = 00 | Front_Sensor = 1 | Back_Sensor = 0 | GREEN_LED = 0 | RED_LED = 1
Time = 290000 | State = 010 | PWD_1 = 00 | PWD_2 = 00 | Front_Sensor = 1 | Back_Sensor = 0 | GREEN_LED = 0 | RED_LED = 0
Time = 310000 | State = 010 | PWD_1 = 00 | PWD_2 = 00 | Front_Sensor = 1 | Back_Sensor = 0 | GREEN_LED = 0 | RED_LED = 1
Time = 330000 | State = 010 | PWD_1 = 00 | PWD_2 = 00 | Front_Sensor = 1 | Back_Sensor = 0 | GREEN_LED = 0 | RED_LED = 0
Time = 350000 | State = 010 | PWD_1 = 00 | PWD_2 = 00 | Front_Sensor = 1 | Back_Sensor = 0 | GREEN_LED = 0 | RED_LED = 1
Time = 370000 | State = 010 | PWD_1 = 00 | PWD_2 = 00 | Front_Sensor = 1 | Back_Sensor = 0 | GREEN_LED = 0 | RED_LED = 0
Time = 390000 | State = 010 | PWD_1 = 00 | PWD_2 = 00 | Front_Sensor = 1 | Back_Sensor = 0 | GREEN_LED = 0 | RED_LED = 1
Time = 410000 | State = 010 | PWD_1 = 00 | PWD_2 = 00 | Front_Sensor = 1 | Back_Sensor = 0 | GREEN_LED = 0 | RED_LED = 0
Time = 430000 | State = 010 | PWD_1 = 00 | PWD_2 = 00 | Front_Sensor = 1 | Back_Sensor = 0 | GREEN_LED = 0 | RED_LED = 1
Time = 450000 | State = 010 | PWD_1 = 00 | PWD_2 = 00 | Front_Sensor = 1 | Back_Sensor = 0 | GREEN_LED = 0 | RED_LED = 0
Time = 470000 | State = 010 | PWD_1 = 00 | PWD_2 = 00 | Front_Sensor = 1 | Back_Sensor = 0 | GREEN_LED = 0 | RED_LED = 1
Time = 490000 | State = 010 | PWD_1 = 00 | PWD_2 = 00 | Front_Sensor = 1 | Back_Sensor = 0 | GREEN_LED = 0 | RED_LED = 0
Time = 510000 | State = 010 | PWD_1 = 00 | PWD_2 = 00 | Front_Sensor = 1 | Back_Sensor = 0 | GREEN_LED = 0 | RED_LED = 1
Time = 530000 | State = 010 | PWD_1 = 00 | PWD_2 = 00 | Front_Sensor = 1 | Back_Sensor = 0 | GREEN_LED = 0 | RED_LED = 0
Time = 550000 | State = 010 | PWD_1 = 00 | PWD_2 = 00 | Front_Sensor = 1 | Back_Sensor = 0 | GREEN_LED = 0 | RED_LED = 1
Time = 570000 | State = 010 | PWD_1 = 00 | PWD_2 = 00 | Front_Sensor = 1 | Back_Sensor = 0 | GREEN_LED = 0 | RED_LED = 0
Time = 590000 | State = 010 | PWD_1 = 00 | PWD_2 = 00 | Front_Sensor = 1 | Back_Sensor = 0 | GREEN_LED = 0 | RED_LED = 1
Time = 610000 | State = 010 | PWD_1 = 00 | PWD_2 = 00 | Front_Sensor = 1 | Back_Sensor = 0 | GREEN_LED = 0 | RED_LED = 0
Time = 630000 | State = 010 | PWD_1 = 00 | PWD_2 = 00 | Front_Sensor = 1 | Back_Sensor = 0 | GREEN_LED = 0 | RED_LED = 1
Time = 650000 | State = 010 | PWD_1 = 00 | PWD_2 = 00 | Front_Sensor = 1 | Back_Sensor = 0 | GREEN_LED = 0 | RED_LED = 0
Time = 670000 | State = 010 | PWD_1 = 00 | PWD_2 = 00 | Front_Sensor = 1 | Back_Sensor = 0 | GREEN_LED = 0 | RED_LED = 1
Time = 690000 | State = 010 | PWD_1 = 00 | PWD_2 = 00 | Front_Sensor = 1 | Back_Sensor = 0 | GREEN_LED = 0 | RED_LED = 0
Time = 710000 | State = 010 | PWD_1 = 00 | PWD_2 = 00 | Front_Sensor = 1 | Back_Sensor = 0 | GREEN_LED = 0 | RED_LED = 1
Time = 730000 | State = 010 | PWD_1 = 00 | PWD_2 = 00 | Front_Sensor = 1 | Back_Sensor = 0 | GREEN_LED = 0 | RED_LED = 0
Time = 750000 | State = 010 | PWD_1 = 00 | PWD_2 = 00 | Front_Sensor = 1 | Back_Sensor = 0 | GREEN_LED = 0 | RED_LED = 1
Time = 770000 | State = 010 | PWD_1 = 00 | PWD_2 = 00 | Front_Sensor = 1 | Back_Sensor = 0 | GREEN_LED = 0 | RED_LED = 0
Time = 790000 | State = 010 | PWD_1 = 00 | PWD_2 = 00 | Front_Sensor = 1 | Back_Sensor = 0 | GREEN_LED = 0 | RED_LED = 1
Time = 810000 | State = 010 | PWD_1 = 00 | PWD_2 = 00 | Front_Sensor = 1 | Back_Sensor = 0 | GREEN_LED = 0 | RED_LED = 0
Time = 830000 | State = 010 | PWD_1 = 00 | PWD_2 = 00 | Front_Sensor = 1 | Back_Sensor = 0 | GREEN_LED = 0 | RED_LED = 1
Time = 850000 | State = 010 | PWD_1 = 00 | PWD_2 = 00 | Front_Sensor = 1 | Back_Sensor = 0 | GREEN_LED = 0 | RED_LED = 0
Time = 870000 | State = 010 | PWD_1 = 00 | PWD_2 = 00 | Front_Sensor = 1 | Back_Sensor = 0 | GREEN_LED = 0 | RED_LED = 1
Time = 890000 | State = 010 | PWD_1 = 00 | PWD_2 = 00 | Front_Sensor = 1 | Back_Sensor = 0 | GREEN_LED = 0 | RED_LED = 0
Time = 910000 | State = 010 | PWD_1 = 00 | PWD_2 = 00 | Front_Sensor = 1 | Back_Sensor = 0 | GREEN_LED = 0 | RED_LED = 1
Time = 930000 | State = 010 | PWD_1 = 00 | PWD_2 = 00 | Front_Sensor = 1 | Back_Sensor = 0 | GREEN_LED = 0 | RED_LED = 0
Time = 950000 | State = 010 | PWD_1 = 00 | PWD_2 = 00 | Front_Sensor = 1 | Back_Sensor = 0 | GREEN_LED = 0 | RED_LED = 1
Time = 970000 | State = 010 | PWD_1 = 00 | PWD_2 = 00 | Front_Sensor = 1 | Back_Sensor = 0 | GREEN_LED = 0 | RED_LED = 0
Time = 990000 | State = 010 | PWD_1 = 00 | PWD_2 = 00 | Front_Sensor = 1 | Back_Sensor = 0 | GREEN_LED = 0 | RED_LED = 1
INFO: [USF-XSim-96] XSim completed. Design snapshot 'tb_system_behav' loaded.
INFO: [USF-XSim-97] XSim simulation ran for 1000ns
launch_simulation: Time (s): cpu = 00:00:04 ; elapsed = 00:00:06 . Memory (MB): peak = 1651.688 ; gain = 19.445
close_sim
INFO: [Simtcl 6-16] Simulation closed
launch_simulation
Command: launch_simulation 
INFO: [Vivado 12-12493] Simulation top is 'tb_system'
WARNING: [Vivado 12-13340] Unable to auto find GCC executables from simulator install path! (path not set)
INFO: [Vivado 12-5682] Launching behavioral simulation in 'C:/Users/DAT/Documents/Car_Parking_System_in_verilog/Car_Parking_System/Car_Parking_System.sim/sim_1/behav/xsim'
INFO: [SIM-utils-51] Simulation object is 'sim_1'
INFO: [SIM-utils-72] Using boost library from 'D:/vivado/Vivado/2024.1/tps/boost_1_72_0'
INFO: [SIM-utils-54] Inspecting design source files for 'tb_system' in fileset 'sim_1'...
INFO: [USF-XSim-97] Finding global include files...
INFO: [USF-XSim-98] Fetching design files from 'sim_1'...
INFO: [USF-XSim-2] XSim::Compile design
INFO: [USF-XSim-61] Executing 'COMPILE and ANALYZE' step in 'C:/Users/DAT/Documents/Car_Parking_System_in_verilog/Car_Parking_System/Car_Parking_System.sim/sim_1/behav/xsim'
"xvlog --incr --relax -prj tb_system_vlog.prj"
INFO: [VRFC 10-2263] Analyzing Verilog file "C:/Users/DAT/Documents/Car_Parking_System_in_verilog/Car_Parking_System/Car_Parking_System.srcs/sources_1/new/system.v" into library xil_defaultlib
INFO: [VRFC 10-311] analyzing module system
INFO: [VRFC 10-2263] Analyzing Verilog file "C:/Users/DAT/Documents/Car_Parking_System_in_verilog/Car_Parking_System/Car_Parking_System.srcs/sim_1/new/tb_system.v" into library xil_defaultlib
INFO: [VRFC 10-311] analyzing module tb_system
INFO: [USF-XSim-69] 'compile' step finished in '1' seconds
INFO: [USF-XSim-3] XSim::Elaborate design
INFO: [USF-XSim-61] Executing 'ELABORATE' step in 'C:/Users/DAT/Documents/Car_Parking_System_in_verilog/Car_Parking_System/Car_Parking_System.sim/sim_1/behav/xsim'
"xelab --incr --debug typical --relax --mt 2 -L xil_defaultlib -L unisims_ver -L unimacro_ver -L secureip --snapshot tb_system_behav xil_defaultlib.tb_system xil_defaultlib.glbl -log elaborate.log"
Vivado Simulator v2024.1
Copyright 1986-2022 Xilinx, Inc. All Rights Reserved.
Copyright 2022-2024 Advanced Micro Devices, Inc. All Rights Reserved.
Running: D:/vivado/Vivado/2024.1/bin/unwrapped/win64.o/xelab.exe --incr --debug typical --relax --mt 2 -L xil_defaultlib -L unisims_ver -L unimacro_ver -L secureip --snapshot tb_system_behav xil_defaultlib.tb_system xil_defaultlib.glbl -log elaborate.log 
Using 2 slave threads.
Starting static elaboration
Pass Through NonSizing Optimizer
Completed static elaboration
Starting simulation data flow analysis
Completed simulation data flow analysis
Time Resolution for simulation is 1ps
Compiling module xil_defaultlib.system
Compiling module xil_defaultlib.tb_system
Compiling module xil_defaultlib.glbl
Built simulation snapshot tb_system_behav
INFO: [USF-XSim-69] 'elaborate' step finished in '2' seconds
INFO: [USF-XSim-4] XSim::Simulate design
INFO: [USF-XSim-61] Executing 'SIMULATE' step in 'C:/Users/DAT/Documents/Car_Parking_System_in_verilog/Car_Parking_System/Car_Parking_System.sim/sim_1/behav/xsim'
INFO: [USF-XSim-98] *** Running xsim
   with args "tb_system_behav -key {Behavioral:sim_1:Functional:tb_system} -tclbatch {tb_system.tcl} -log {simulate.log}"
INFO: [USF-XSim-8] Loading simulator feature
Time resolution is 1 ps
source tb_system.tcl
# set curr_wave [current_wave_config]
# if { [string length $curr_wave] == 0 } {
#   if { [llength [get_objects]] > 0} {
#     add_wave /
#     set_property needs_save false [current_wave_config]
#   } else {
#      send_msg_id Add_Wave-1 WARNING "No top level signals found. Simulator will start without a wave window. If you want to open a wave window go to 'File->New Waveform Configuration' or type 'create_wave_config' in the TCL console."
#   }
# }
# run 1000ns
Time = 0 | State = 000 | PWD_1 = 00 | PWD_2 = 00 | Front_Sensor = 0 | Back_Sensor = 0 | GREEN_LED = x | RED_LED = x
Time = 10000 | State = 000 | PWD_1 = 00 | PWD_2 = 00 | Front_Sensor = 0 | Back_Sensor = 0 | GREEN_LED = 0 | RED_LED = 0
Time = 120000 | State = 000 | PWD_1 = 00 | PWD_2 = 00 | Front_Sensor = 1 | Back_Sensor = 0 | GREEN_LED = 0 | RED_LED = 0
Time = 130000 | State = 001 | PWD_1 = 00 | PWD_2 = 00 | Front_Sensor = 1 | Back_Sensor = 0 | GREEN_LED = 0 | RED_LED = 1
Time = 210000 | State = 010 | PWD_1 = 00 | PWD_2 = 00 | Front_Sensor = 1 | Back_Sensor = 0 | GREEN_LED = 0 | RED_LED = 0
Time = 220000 | State = 010 | PWD_1 = 01 | PWD_2 = 10 | Front_Sensor = 0 | Back_Sensor = 0 | GREEN_LED = 0 | RED_LED = 0
Time = 230000 | State = 011 | PWD_1 = 01 | PWD_2 = 10 | Front_Sensor = 0 | Back_Sensor = 0 | GREEN_LED = 1 | RED_LED = 0
Time = 250000 | State = 011 | PWD_1 = 01 | PWD_2 = 10 | Front_Sensor = 0 | Back_Sensor = 0 | GREEN_LED = 0 | RED_LED = 0
Time = 270000 | State = 011 | PWD_1 = 01 | PWD_2 = 10 | Front_Sensor = 0 | Back_Sensor = 0 | GREEN_LED = 1 | RED_LED = 0
Time = 290000 | State = 011 | PWD_1 = 01 | PWD_2 = 10 | Front_Sensor = 0 | Back_Sensor = 0 | GREEN_LED = 0 | RED_LED = 0
Time = 310000 | State = 011 | PWD_1 = 01 | PWD_2 = 10 | Front_Sensor = 0 | Back_Sensor = 0 | GREEN_LED = 1 | RED_LED = 0
Time = 330000 | State = 011 | PWD_1 = 01 | PWD_2 = 10 | Front_Sensor = 0 | Back_Sensor = 0 | GREEN_LED = 0 | RED_LED = 0
Time = 350000 | State = 011 | PWD_1 = 01 | PWD_2 = 10 | Front_Sensor = 0 | Back_Sensor = 0 | GREEN_LED = 1 | RED_LED = 0
Time = 370000 | State = 011 | PWD_1 = 01 | PWD_2 = 10 | Front_Sensor = 0 | Back_Sensor = 0 | GREEN_LED = 0 | RED_LED = 0
Time = 390000 | State = 011 | PWD_1 = 01 | PWD_2 = 10 | Front_Sensor = 0 | Back_Sensor = 0 | GREEN_LED = 1 | RED_LED = 0
Time = 410000 | State = 011 | PWD_1 = 01 | PWD_2 = 10 | Front_Sensor = 0 | Back_Sensor = 0 | GREEN_LED = 0 | RED_LED = 0
Time = 420000 | State = 011 | PWD_1 = 01 | PWD_2 = 10 | Front_Sensor = 0 | Back_Sensor = 1 | GREEN_LED = 0 | RED_LED = 0
Time = 430000 | State = 000 | PWD_1 = 01 | PWD_2 = 10 | Front_Sensor = 0 | Back_Sensor = 1 | GREEN_LED = 0 | RED_LED = 0
Time = 520000 | State = 000 | PWD_1 = 01 | PWD_2 = 10 | Front_Sensor = 0 | Back_Sensor = 0 | GREEN_LED = 0 | RED_LED = 0
Time = 570000 | State = 001 | PWD_1 = 01 | PWD_2 = 10 | Front_Sensor = 1 | Back_Sensor = 0 | GREEN_LED = 0 | RED_LED = 1
Time = 620000 | State = 001 | PWD_1 = 01 | PWD_2 = 10 | Front_Sensor = 1 | Back_Sensor = 1 | GREEN_LED = 0 | RED_LED = 1
Time = 650000 | State = 011 | PWD_1 = 01 | PWD_2 = 10 | Front_Sensor = 1 | Back_Sensor = 1 | GREEN_LED = 1 | RED_LED = 0
Time = 670000 | State = 000 | PWD_1 = 11 | PWD_2 = 00 | Front_Sensor = 0 | Back_Sensor = 1 | GREEN_LED = 0 | RED_LED = 0
Time = 770000 | State = 000 | PWD_1 = 01 | PWD_2 = 10 | Front_Sensor = 0 | Back_Sensor = 1 | GREEN_LED = 0 | RED_LED = 0
Time = 980000 | State = 000 | PWD_1 = 01 | PWD_2 = 10 | Front_Sensor = 0 | Back_Sensor = 0 | GREEN_LED = 0 | RED_LED = 0
INFO: [USF-XSim-96] XSim completed. Design snapshot 'tb_system_behav' loaded.
INFO: [USF-XSim-97] XSim simulation ran for 1000ns
launch_simulation: Time (s): cpu = 00:00:03 ; elapsed = 00:00:05 . Memory (MB): peak = 1760.691 ; gain = 0.000
close_sim
INFO: [Simtcl 6-16] Simulation closed
launch_simulation
Command: launch_simulation 
INFO: [Vivado 12-12493] Simulation top is 'tb_system'
WARNING: [Vivado 12-13340] Unable to auto find GCC executables from simulator install path! (path not set)
INFO: [Vivado 12-5682] Launching behavioral simulation in 'C:/Users/DAT/Documents/Car_Parking_System_in_verilog/Car_Parking_System/Car_Parking_System.sim/sim_1/behav/xsim'
INFO: [SIM-utils-51] Simulation object is 'sim_1'
INFO: [SIM-utils-72] Using boost library from 'D:/vivado/Vivado/2024.1/tps/boost_1_72_0'
INFO: [SIM-utils-54] Inspecting design source files for 'tb_system' in fileset 'sim_1'...
INFO: [USF-XSim-97] Finding global include files...
INFO: [USF-XSim-98] Fetching design files from 'sim_1'...
INFO: [USF-XSim-2] XSim::Compile design
INFO: [USF-XSim-61] Executing 'COMPILE and ANALYZE' step in 'C:/Users/DAT/Documents/Car_Parking_System_in_verilog/Car_Parking_System/Car_Parking_System.sim/sim_1/behav/xsim'
"xvlog --incr --relax -prj tb_system_vlog.prj"
INFO: [USF-XSim-69] 'compile' step finished in '1' seconds
INFO: [USF-XSim-3] XSim::Elaborate design
INFO: [USF-XSim-61] Executing 'ELABORATE' step in 'C:/Users/DAT/Documents/Car_Parking_System_in_verilog/Car_Parking_System/Car_Parking_System.sim/sim_1/behav/xsim'
"xelab --incr --debug typical --relax --mt 2 -L xil_defaultlib -L unisims_ver -L unimacro_ver -L secureip --snapshot tb_system_behav xil_defaultlib.tb_system xil_defaultlib.glbl -log elaborate.log"
Vivado Simulator v2024.1
Copyright 1986-2022 Xilinx, Inc. All Rights Reserved.
Copyright 2022-2024 Advanced Micro Devices, Inc. All Rights Reserved.
Running: D:/vivado/Vivado/2024.1/bin/unwrapped/win64.o/xelab.exe --incr --debug typical --relax --mt 2 -L xil_defaultlib -L unisims_ver -L unimacro_ver -L secureip --snapshot tb_system_behav xil_defaultlib.tb_system xil_defaultlib.glbl -log elaborate.log 
Using 2 slave threads.
Starting static elaboration
Pass Through NonSizing Optimizer
Completed static elaboration
INFO: [XSIM 43-4323] No Change in HDL. Linking previously generated obj files to create kernel
INFO: [USF-XSim-69] 'elaborate' step finished in '1' seconds
INFO: [USF-XSim-4] XSim::Simulate design
INFO: [USF-XSim-61] Executing 'SIMULATE' step in 'C:/Users/DAT/Documents/Car_Parking_System_in_verilog/Car_Parking_System/Car_Parking_System.sim/sim_1/behav/xsim'
INFO: [USF-XSim-98] *** Running xsim
   with args "tb_system_behav -key {Behavioral:sim_1:Functional:tb_system} -tclbatch {tb_system.tcl} -log {simulate.log}"
INFO: [USF-XSim-8] Loading simulator feature
Time resolution is 1 ps
source tb_system.tcl
# set curr_wave [current_wave_config]
# if { [string length $curr_wave] == 0 } {
#   if { [llength [get_objects]] > 0} {
#     add_wave /
#     set_property needs_save false [current_wave_config]
#   } else {
#      send_msg_id Add_Wave-1 WARNING "No top level signals found. Simulator will start without a wave window. If you want to open a wave window go to 'File->New Waveform Configuration' or type 'create_wave_config' in the TCL console."
#   }
# }
# run 1000ns
Time = 0 | State = 000 | PWD_1 = 00 | PWD_2 = 00 | Front_Sensor = 0 | Back_Sensor = 0 | GREEN_LED = x | RED_LED = x
Time = 10000 | State = 000 | PWD_1 = 00 | PWD_2 = 00 | Front_Sensor = 0 | Back_Sensor = 0 | GREEN_LED = 0 | RED_LED = 0
Time = 120000 | State = 000 | PWD_1 = 00 | PWD_2 = 00 | Front_Sensor = 1 | Back_Sensor = 0 | GREEN_LED = 0 | RED_LED = 0
Time = 130000 | State = 001 | PWD_1 = 00 | PWD_2 = 00 | Front_Sensor = 1 | Back_Sensor = 0 | GREEN_LED = 0 | RED_LED = 1
Time = 210000 | State = 010 | PWD_1 = 00 | PWD_2 = 00 | Front_Sensor = 1 | Back_Sensor = 0 | GREEN_LED = 0 | RED_LED = 0
Time = 220000 | State = 010 | PWD_1 = 01 | PWD_2 = 10 | Front_Sensor = 0 | Back_Sensor = 0 | GREEN_LED = 0 | RED_LED = 0
Time = 230000 | State = 011 | PWD_1 = 01 | PWD_2 = 10 | Front_Sensor = 0 | Back_Sensor = 0 | GREEN_LED = 1 | RED_LED = 0
Time = 250000 | State = 011 | PWD_1 = 01 | PWD_2 = 10 | Front_Sensor = 0 | Back_Sensor = 0 | GREEN_LED = 0 | RED_LED = 0
Time = 270000 | State = 011 | PWD_1 = 01 | PWD_2 = 10 | Front_Sensor = 0 | Back_Sensor = 0 | GREEN_LED = 1 | RED_LED = 0
Time = 290000 | State = 011 | PWD_1 = 01 | PWD_2 = 10 | Front_Sensor = 0 | Back_Sensor = 0 | GREEN_LED = 0 | RED_LED = 0
Time = 310000 | State = 011 | PWD_1 = 01 | PWD_2 = 10 | Front_Sensor = 0 | Back_Sensor = 0 | GREEN_LED = 1 | RED_LED = 0
Time = 330000 | State = 011 | PWD_1 = 01 | PWD_2 = 10 | Front_Sensor = 0 | Back_Sensor = 0 | GREEN_LED = 0 | RED_LED = 0
Time = 350000 | State = 011 | PWD_1 = 01 | PWD_2 = 10 | Front_Sensor = 0 | Back_Sensor = 0 | GREEN_LED = 1 | RED_LED = 0
Time = 370000 | State = 011 | PWD_1 = 01 | PWD_2 = 10 | Front_Sensor = 0 | Back_Sensor = 0 | GREEN_LED = 0 | RED_LED = 0
Time = 390000 | State = 011 | PWD_1 = 01 | PWD_2 = 10 | Front_Sensor = 0 | Back_Sensor = 0 | GREEN_LED = 1 | RED_LED = 0
Time = 410000 | State = 011 | PWD_1 = 01 | PWD_2 = 10 | Front_Sensor = 0 | Back_Sensor = 0 | GREEN_LED = 0 | RED_LED = 0
Time = 420000 | State = 011 | PWD_1 = 01 | PWD_2 = 10 | Front_Sensor = 0 | Back_Sensor = 1 | GREEN_LED = 0 | RED_LED = 0
Time = 430000 | State = 000 | PWD_1 = 01 | PWD_2 = 10 | Front_Sensor = 0 | Back_Sensor = 1 | GREEN_LED = 0 | RED_LED = 0
Time = 520000 | State = 000 | PWD_1 = 01 | PWD_2 = 10 | Front_Sensor = 0 | Back_Sensor = 0 | GREEN_LED = 0 | RED_LED = 0
Time = 570000 | State = 001 | PWD_1 = 01 | PWD_2 = 10 | Front_Sensor = 1 | Back_Sensor = 0 | GREEN_LED = 0 | RED_LED = 1
Time = 620000 | State = 001 | PWD_1 = 01 | PWD_2 = 10 | Front_Sensor = 1 | Back_Sensor = 1 | GREEN_LED = 0 | RED_LED = 1
Time = 650000 | State = 011 | PWD_1 = 01 | PWD_2 = 10 | Front_Sensor = 1 | Back_Sensor = 1 | GREEN_LED = 1 | RED_LED = 0
Time = 670000 | State = 000 | PWD_1 = 11 | PWD_2 = 00 | Front_Sensor = 0 | Back_Sensor = 1 | GREEN_LED = 0 | RED_LED = 0
Time = 770000 | State = 000 | PWD_1 = 01 | PWD_2 = 10 | Front_Sensor = 0 | Back_Sensor = 1 | GREEN_LED = 0 | RED_LED = 0
Time = 980000 | State = 000 | PWD_1 = 01 | PWD_2 = 10 | Front_Sensor = 0 | Back_Sensor = 0 | GREEN_LED = 0 | RED_LED = 0
INFO: [USF-XSim-96] XSim completed. Design snapshot 'tb_system_behav' loaded.
INFO: [USF-XSim-97] XSim simulation ran for 1000ns
launch_simulation: Time (s): cpu = 00:00:02 ; elapsed = 00:00:11 . Memory (MB): peak = 1760.691 ; gain = 0.000
update_compile_order -fileset sim_1
launch_simulation
Command: launch_simulation 
INFO: [Vivado 12-12493] Simulation top is 'system'
WARNING: [Vivado 12-13340] Unable to auto find GCC executables from simulator install path! (path not set)
boost::filesystem::remove: The process cannot access the file because it is being used by another process: "C:/Users/DAT/Documents/Car_Parking_System_in_verilog/Car_Parking_System/Car_Parking_System.sim/sim_1/behav/xsim/simulate.log"
update_compile_order -fileset sim_1
close_sim
INFO: [Simtcl 6-16] Simulation closed
launch_simulation
Command: launch_simulation 
INFO: [Vivado 12-12493] Simulation top is 'tb_system'
WARNING: [Vivado 12-13340] Unable to auto find GCC executables from simulator install path! (path not set)
INFO: [Vivado 12-5682] Launching behavioral simulation in 'C:/Users/DAT/Documents/Car_Parking_System_in_verilog/Car_Parking_System/Car_Parking_System.sim/sim_1/behav/xsim'
INFO: [SIM-utils-51] Simulation object is 'sim_1'
INFO: [SIM-utils-72] Using boost library from 'D:/vivado/Vivado/2024.1/tps/boost_1_72_0'
INFO: [SIM-utils-54] Inspecting design source files for 'tb_system' in fileset 'sim_1'...
INFO: [USF-XSim-97] Finding global include files...
INFO: [USF-XSim-98] Fetching design files from 'sim_1'...
INFO: [USF-XSim-2] XSim::Compile design
INFO: [USF-XSim-61] Executing 'COMPILE and ANALYZE' step in 'C:/Users/DAT/Documents/Car_Parking_System_in_verilog/Car_Parking_System/Car_Parking_System.sim/sim_1/behav/xsim'
"xvlog --incr --relax -prj tb_system_vlog.prj"
INFO: [VRFC 10-2263] Analyzing Verilog file "C:/Users/DAT/Documents/Car_Parking_System_in_verilog/Car_Parking_System/Car_Parking_System.srcs/sources_1/new/system.v" into library xil_defaultlib
INFO: [VRFC 10-311] analyzing module system
INFO: [VRFC 10-2263] Analyzing Verilog file "C:/Users/DAT/Documents/Car_Parking_System_in_verilog/Car_Parking_System/Car_Parking_System.srcs/sim_1/new/tb_system.v" into library xil_defaultlib
INFO: [VRFC 10-311] analyzing module tb_system
INFO: [USF-XSim-69] 'compile' step finished in '2' seconds
INFO: [USF-XSim-3] XSim::Elaborate design
INFO: [USF-XSim-61] Executing 'ELABORATE' step in 'C:/Users/DAT/Documents/Car_Parking_System_in_verilog/Car_Parking_System/Car_Parking_System.sim/sim_1/behav/xsim'
"xelab --incr --debug typical --relax --mt 2 -L xil_defaultlib -L unisims_ver -L unimacro_ver -L secureip --snapshot tb_system_behav xil_defaultlib.tb_system xil_defaultlib.glbl -log elaborate.log"
Vivado Simulator v2024.1
Copyright 1986-2022 Xilinx, Inc. All Rights Reserved.
Copyright 2022-2024 Advanced Micro Devices, Inc. All Rights Reserved.
Running: D:/vivado/Vivado/2024.1/bin/unwrapped/win64.o/xelab.exe --incr --debug typical --relax --mt 2 -L xil_defaultlib -L unisims_ver -L unimacro_ver -L secureip --snapshot tb_system_behav xil_defaultlib.tb_system xil_defaultlib.glbl -log elaborate.log 
Using 2 slave threads.
Starting static elaboration
Pass Through NonSizing Optimizer
Completed static elaboration
Starting simulation data flow analysis
Completed simulation data flow analysis
Time Resolution for simulation is 1ps
Compiling module xil_defaultlib.system
Compiling module xil_defaultlib.tb_system
Compiling module xil_defaultlib.glbl
Built simulation snapshot tb_system_behav
INFO: [USF-XSim-69] 'elaborate' step finished in '1' seconds
INFO: [USF-XSim-4] XSim::Simulate design
INFO: [USF-XSim-61] Executing 'SIMULATE' step in 'C:/Users/DAT/Documents/Car_Parking_System_in_verilog/Car_Parking_System/Car_Parking_System.sim/sim_1/behav/xsim'
INFO: [USF-XSim-98] *** Running xsim
   with args "tb_system_behav -key {Behavioral:sim_1:Functional:tb_system} -tclbatch {tb_system.tcl} -log {simulate.log}"
INFO: [USF-XSim-8] Loading simulator feature
Time resolution is 1 ps
source tb_system.tcl
# set curr_wave [current_wave_config]
# if { [string length $curr_wave] == 0 } {
#   if { [llength [get_objects]] > 0} {
#     add_wave /
#     set_property needs_save false [current_wave_config]
#   } else {
#      send_msg_id Add_Wave-1 WARNING "No top level signals found. Simulator will start without a wave window. If you want to open a wave window go to 'File->New Waveform Configuration' or type 'create_wave_config' in the TCL console."
#   }
# }
# run 1000ns
INFO: [USF-XSim-96] XSim completed. Design snapshot 'tb_system_behav' loaded.
INFO: [USF-XSim-97] XSim simulation ran for 1000ns
close_sim
INFO: [Simtcl 6-16] Simulation closed
launch_simulation
Command: launch_simulation 
INFO: [Vivado 12-12493] Simulation top is 'tb_system'
WARNING: [Vivado 12-13340] Unable to auto find GCC executables from simulator install path! (path not set)
INFO: [Vivado 12-5682] Launching behavioral simulation in 'C:/Users/DAT/Documents/Car_Parking_System_in_verilog/Car_Parking_System/Car_Parking_System.sim/sim_1/behav/xsim'
INFO: [SIM-utils-51] Simulation object is 'sim_1'
INFO: [SIM-utils-72] Using boost library from 'D:/vivado/Vivado/2024.1/tps/boost_1_72_0'
INFO: [SIM-utils-54] Inspecting design source files for 'tb_system' in fileset 'sim_1'...
INFO: [USF-XSim-97] Finding global include files...
INFO: [USF-XSim-98] Fetching design files from 'sim_1'...
INFO: [USF-XSim-2] XSim::Compile design
INFO: [USF-XSim-61] Executing 'COMPILE and ANALYZE' step in 'C:/Users/DAT/Documents/Car_Parking_System_in_verilog/Car_Parking_System/Car_Parking_System.sim/sim_1/behav/xsim'
"xvlog --incr --relax -prj tb_system_vlog.prj"
INFO: [VRFC 10-2263] Analyzing Verilog file "C:/Users/DAT/Documents/Car_Parking_System_in_verilog/Car_Parking_System/Car_Parking_System.srcs/sources_1/new/system.v" into library xil_defaultlib
INFO: [VRFC 10-311] analyzing module system
INFO: [VRFC 10-2263] Analyzing Verilog file "C:/Users/DAT/Documents/Car_Parking_System_in_verilog/Car_Parking_System/Car_Parking_System.srcs/sim_1/new/tb_system.v" into library xil_defaultlib
INFO: [VRFC 10-311] analyzing module tb_system
INFO: [USF-XSim-69] 'compile' step finished in '1' seconds
INFO: [USF-XSim-3] XSim::Elaborate design
INFO: [USF-XSim-61] Executing 'ELABORATE' step in 'C:/Users/DAT/Documents/Car_Parking_System_in_verilog/Car_Parking_System/Car_Parking_System.sim/sim_1/behav/xsim'
"xelab --incr --debug typical --relax --mt 2 -L xil_defaultlib -L unisims_ver -L unimacro_ver -L secureip --snapshot tb_system_behav xil_defaultlib.tb_system xil_defaultlib.glbl -log elaborate.log"
Vivado Simulator v2024.1
Copyright 1986-2022 Xilinx, Inc. All Rights Reserved.
Copyright 2022-2024 Advanced Micro Devices, Inc. All Rights Reserved.
Running: D:/vivado/Vivado/2024.1/bin/unwrapped/win64.o/xelab.exe --incr --debug typical --relax --mt 2 -L xil_defaultlib -L unisims_ver -L unimacro_ver -L secureip --snapshot tb_system_behav xil_defaultlib.tb_system xil_defaultlib.glbl -log elaborate.log 
Using 2 slave threads.
Starting static elaboration
Pass Through NonSizing Optimizer
Completed static elaboration
Starting simulation data flow analysis
Completed simulation data flow analysis
Time Resolution for simulation is 1ps
Compiling module xil_defaultlib.system
Compiling module xil_defaultlib.tb_system
Compiling module xil_defaultlib.glbl
Built simulation snapshot tb_system_behav
INFO: [USF-XSim-69] 'elaborate' step finished in '2' seconds
INFO: [USF-XSim-4] XSim::Simulate design
INFO: [USF-XSim-61] Executing 'SIMULATE' step in 'C:/Users/DAT/Documents/Car_Parking_System_in_verilog/Car_Parking_System/Car_Parking_System.sim/sim_1/behav/xsim'
INFO: [USF-XSim-98] *** Running xsim
   with args "tb_system_behav -key {Behavioral:sim_1:Functional:tb_system} -tclbatch {tb_system.tcl} -log {simulate.log}"
INFO: [USF-XSim-8] Loading simulator feature
Time resolution is 1 ps
source tb_system.tcl
# set curr_wave [current_wave_config]
# if { [string length $curr_wave] == 0 } {
#   if { [llength [get_objects]] > 0} {
#     add_wave /
#     set_property needs_save false [current_wave_config]
#   } else {
#      send_msg_id Add_Wave-1 WARNING "No top level signals found. Simulator will start without a wave window. If you want to open a wave window go to 'File->New Waveform Configuration' or type 'create_wave_config' in the TCL console."
#   }
# }
# run 1000ns
$finish called at time : 920 ns : File "C:/Users/DAT/Documents/Car_Parking_System_in_verilog/Car_Parking_System/Car_Parking_System.srcs/sim_1/new/tb_system.v" Line 79
INFO: [USF-XSim-96] XSim completed. Design snapshot 'tb_system_behav' loaded.
INFO: [USF-XSim-97] XSim simulation ran for 1000ns
close_sim
INFO: [Simtcl 6-16] Simulation closed
launch_simulation
Command: launch_simulation 
INFO: [Vivado 12-12493] Simulation top is 'tb_system'
WARNING: [Vivado 12-13340] Unable to auto find GCC executables from simulator install path! (path not set)
INFO: [Vivado 12-5682] Launching behavioral simulation in 'C:/Users/DAT/Documents/Car_Parking_System_in_verilog/Car_Parking_System/Car_Parking_System.sim/sim_1/behav/xsim'
INFO: [SIM-utils-51] Simulation object is 'sim_1'
INFO: [SIM-utils-72] Using boost library from 'D:/vivado/Vivado/2024.1/tps/boost_1_72_0'
INFO: [SIM-utils-54] Inspecting design source files for 'tb_system' in fileset 'sim_1'...
INFO: [USF-XSim-97] Finding global include files...
INFO: [USF-XSim-98] Fetching design files from 'sim_1'...
INFO: [USF-XSim-2] XSim::Compile design
INFO: [USF-XSim-61] Executing 'COMPILE and ANALYZE' step in 'C:/Users/DAT/Documents/Car_Parking_System_in_verilog/Car_Parking_System/Car_Parking_System.sim/sim_1/behav/xsim'
"xvlog --incr --relax -prj tb_system_vlog.prj"
INFO: [VRFC 10-2263] Analyzing Verilog file "C:/Users/DAT/Documents/Car_Parking_System_in_verilog/Car_Parking_System/Car_Parking_System.srcs/sources_1/new/system.v" into library xil_defaultlib
INFO: [VRFC 10-311] analyzing module system
INFO: [VRFC 10-2263] Analyzing Verilog file "C:/Users/DAT/Documents/Car_Parking_System_in_verilog/Car_Parking_System/Car_Parking_System.srcs/sim_1/new/tb_system.v" into library xil_defaultlib
INFO: [VRFC 10-311] analyzing module tb_system
INFO: [USF-XSim-69] 'compile' step finished in '2' seconds
INFO: [USF-XSim-3] XSim::Elaborate design
INFO: [USF-XSim-61] Executing 'ELABORATE' step in 'C:/Users/DAT/Documents/Car_Parking_System_in_verilog/Car_Parking_System/Car_Parking_System.sim/sim_1/behav/xsim'
"xelab --incr --debug typical --relax --mt 2 -L xil_defaultlib -L unisims_ver -L unimacro_ver -L secureip --snapshot tb_system_behav xil_defaultlib.tb_system xil_defaultlib.glbl -log elaborate.log"
Vivado Simulator v2024.1
Copyright 1986-2022 Xilinx, Inc. All Rights Reserved.
Copyright 2022-2024 Advanced Micro Devices, Inc. All Rights Reserved.
Running: D:/vivado/Vivado/2024.1/bin/unwrapped/win64.o/xelab.exe --incr --debug typical --relax --mt 2 -L xil_defaultlib -L unisims_ver -L unimacro_ver -L secureip --snapshot tb_system_behav xil_defaultlib.tb_system xil_defaultlib.glbl -log elaborate.log 
Using 2 slave threads.
Starting static elaboration
Pass Through NonSizing Optimizer
Completed static elaboration
Starting simulation data flow analysis
Completed simulation data flow analysis
Time Resolution for simulation is 1ps
Compiling module xil_defaultlib.system
Compiling module xil_defaultlib.tb_system
Compiling module xil_defaultlib.glbl
Built simulation snapshot tb_system_behav
INFO: [USF-XSim-69] 'elaborate' step finished in '1' seconds
INFO: [USF-XSim-4] XSim::Simulate design
INFO: [USF-XSim-61] Executing 'SIMULATE' step in 'C:/Users/DAT/Documents/Car_Parking_System_in_verilog/Car_Parking_System/Car_Parking_System.sim/sim_1/behav/xsim'
INFO: [USF-XSim-98] *** Running xsim
   with args "tb_system_behav -key {Behavioral:sim_1:Functional:tb_system} -tclbatch {tb_system.tcl} -log {simulate.log}"
INFO: [USF-XSim-8] Loading simulator feature
Time resolution is 1 ps
source tb_system.tcl
# set curr_wave [current_wave_config]
# if { [string length $curr_wave] == 0 } {
#   if { [llength [get_objects]] > 0} {
#     add_wave /
#     set_property needs_save false [current_wave_config]
#   } else {
#      send_msg_id Add_Wave-1 WARNING "No top level signals found. Simulator will start without a wave window. If you want to open a wave window go to 'File->New Waveform Configuration' or type 'create_wave_config' in the TCL console."
#   }
# }
# run 1000ns
$finish called at time : 620 ns : File "C:/Users/DAT/Documents/Car_Parking_System_in_verilog/Car_Parking_System/Car_Parking_System.srcs/sim_1/new/tb_system.v" Line 79
INFO: [USF-XSim-96] XSim completed. Design snapshot 'tb_system_behav' loaded.
INFO: [USF-XSim-97] XSim simulation ran for 1000ns
WARNING: [filemgmt 56-199] Attempt to get parsing info during refresh. "On-the-fly" syntax checking information may be incorrect. [C:\Users\DAT\Documents\Car_Parking_System_in_verilog\Car_Parking_System\Car_Parking_System.srcs\sim_1\new\tb_system.v:]
WARNING: [filemgmt 56-199] Attempt to get parsing info during refresh. "On-the-fly" syntax checking information may be incorrect. [C:\Users\DAT\Documents\Car_Parking_System_in_verilog\Car_Parking_System\Car_Parking_System.srcs\sources_1\new\system.v:]
WARNING: [filemgmt 56-199] Attempt to get parsing info during refresh. "On-the-fly" syntax checking information may be incorrect. [C:\Users\DAT\Documents\Car_Parking_System_in_verilog\Car_Parking_System\Car_Parking_System.srcs\sources_1\new\system.v:]
WARNING: [filemgmt 56-199] Attempt to get parsing info during refresh. "On-the-fly" syntax checking information may be incorrect. [C:\Users\DAT\Documents\Car_Parking_System_in_verilog\Car_Parking_System\Car_Parking_System.srcs\sources_1\new\system.v:]
ERROR: [Common 17-180] Spawn failed: No error
close_sim
INFO: [Simtcl 6-16] Simulation closed
exit
INFO: [Common 17-206] Exiting Vivado at Fri Feb 28 02:20:57 2025...
